# JRE version: OpenJDK Runtime Environment (11.0.11+9) (build 11.0.11+9-Ubuntu-0ubuntu2.20.04)
# Java VM: OpenJDK 64-Bit Server VM (11.0.11+9-Ubuntu-0ubuntu2.20.04, mixed mode, sharing, tiered, compressed oops, g1 gc, linux-amd64)
Heap:
 garbage-first heap   total 524288K, used 242494K [0x00000000e0000000, 0x0000000100000000)
  region size 1024K, 83 young (84992K), 1 survivors (1024K)
 Metaspace       used 81395K, capacity 83408K, committed 84552K, reserved 1124352K
  class space    used 8339K, capacity 9197K, committed 9548K, reserved 1048576K
GC Heap History (20 events):
Event: 6655.075 GC heap before
{Heap before GC invocations=143 (full 0):
 garbage-first heap   total 524288K, used 193971K [0x00000000e0000000, 0x0000000100000000)
  region size 1024K, 25 young (25600K), 21 survivors (21504K)
 Metaspace       used 81051K, capacity 82965K, committed 84168K, reserved 1124352K
  class space    used 8294K, capacity 9092K, committed 9420K, reserved 1048576K
}
Event: 6655.119 GC heap after
{Heap after GC invocations=144 (full 0):
 garbage-first heap   total 524288K, used 170045K [0x00000000e0000000, 0x0000000100000000)
  region size 1024K, 1 young (1024K), 1 survivors (1024K)
 Metaspace       used 81051K, capacity 82965K, committed 84168K, reserved 1124352K
  class space    used 8294K, capacity 9092K, committed 9420K, reserved 1048576K
}
Event: 6656.331 GC heap before
{Heap before GC invocations=144 (full 0):
 garbage-first heap   total 524288K, used 417853K [0x00000000e0000000, 0x0000000100000000)
  region size 1024K, 244 young (249856K), 1 survivors (1024K)
 Metaspace       used 81055K, capacity 82965K, committed 84168K, reserved 1124352K
  class space    used 8294K, capacity 9092K, committed 9420K, reserved 1048576K
}
Event: 6656.351 GC heap after
{Heap after GC invocations=145 (full 0):
 garbage-first heap   total 524288K, used 172511K [0x00000000e0000000, 0x0000000100000000)
  region size 1024K, 4 young (4096K), 4 survivors (4096K)
 Metaspace       used 81055K, capacity 82965K, committed 84168K, reserved 1124352K
  class space    used 8294K, capacity 9092K, committed 9420K, reserved 1048576K
}
Event: 6657.643 GC heap before
{Heap before GC invocations=146 (full 0):
 garbage-first heap   total 524288K, used 409055K [0x00000000e0000000, 0x0000000100000000)
  region size 1024K, 251 young (257024K), 4 survivors (4096K)
 Metaspace       used 81066K, capacity 82966K, committed 84168K, reserved 1124352K
  class space    used 8294K, capacity 9092K, committed 9420K, reserved 1048576K
}
Event: 6657.688 GC heap after
{Heap after GC invocations=147 (full 0):
 garbage-first heap   total 524288K, used 175165K [0x00000000e0000000, 0x0000000100000000)
  region size 1024K, 21 young (21504K), 21 survivors (21504K)
 Metaspace       used 81066K, capacity 82966K, committed 84168K, reserved 1124352K
  class space    used 8294K, capacity 9092K, committed 9420K, reserved 1048576K
}
Event: 6657.718 GC heap before
{Heap before GC invocations=147 (full 0):
 garbage-first heap   total 524288K, used 179261K [0x00000000e0000000, 0x0000000100000000)
  region size 1024K, 25 young (25600K), 21 survivors (21504K)
 Metaspace       used 81066K, capacity 82966K, committed 84168K, reserved 1124352K
  class space    used 8294K, capacity 9092K, committed 9420K, reserved 1048576K
}
Event: 6657.762 GC heap after
{Heap after GC invocations=148 (full 0):
 garbage-first heap   total 524288K, used 174034K [0x00000000e0000000, 0x0000000100000000)
  region size 1024K, 1 young (1024K), 1 survivors (1024K)
 Metaspace       used 81066K, capacity 82966K, committed 84168K, reserved 1124352K
  class space    used 8294K, capacity 9092K, committed 9420K, reserved 1048576K
}
Event: 6658.985 GC heap before
{Heap before GC invocations=148 (full 0):
 garbage-first heap   total 524288K, used 419794K [0x00000000e0000000, 0x0000000100000000)
  region size 1024K, 241 young (246784K), 1 survivors (1024K)
 Metaspace       used 81069K, capacity 82966K, committed 84168K, reserved 1124352K
  class space    used 8294K, capacity 9092K, committed 9420K, reserved 1048576K
}
Event: 6659.007 GC heap after
{Heap after GC invocations=149 (full 0):
 garbage-first heap   total 524288K, used 175470K [0x00000000e0000000, 0x0000000100000000)
  region size 1024K, 3 young (3072K), 3 survivors (3072K)
 Metaspace       used 81069K, capacity 82966K, committed 84168K, reserved 1124352K
  class space    used 8294K, capacity 9092K, committed 9420K, reserved 1048576K
}
Event: 6660.215 GC heap before
{Heap before GC invocations=150 (full 0):
 garbage-first heap   total 524288K, used 418158K [0x00000000e0000000, 0x0000000100000000)
  region size 1024K, 248 young (253952K), 3 survivors (3072K)
 Metaspace       used 81071K, capacity 83030K, committed 84168K, reserved 1124352K
  class space    used 8294K, capacity 9092K, committed 9420K, reserved 1048576K
}
Event: 6660.226 GC heap after
{Heap after GC invocations=151 (full 0):
 garbage-first heap   total 524288K, used 167686K [0x00000000e0000000, 0x0000000100000000)
  region size 1024K, 3 young (3072K), 3 survivors (3072K)
 Metaspace       used 81071K, capacity 83030K, committed 84168K, reserved 1124352K
  class space    used 8294K, capacity 9092K, committed 9420K, reserved 1048576K
}
Event: 6660.351 GC heap before
{Heap before GC invocations=151 (full 0):
 garbage-first heap   total 524288K, used 190214K [0x00000000e0000000, 0x0000000100000000)
  region size 1024K, 25 young (25600K), 3 survivors (3072K)
 Metaspace       used 81074K, capacity 83031K, committed 84168K, reserved 1124352K
  class space    used 8294K, capacity 9092K, committed 9420K, reserved 1048576K
}
Event: 6660.372 GC heap after
{Heap after GC invocations=152 (full 0):
 garbage-first heap   total 524288K, used 156132K [0x00000000e0000000, 0x0000000100000000)
  region size 1024K, 2 young (2048K), 2 survivors (2048K)
 Metaspace       used 81074K, capacity 83031K, committed 84168K, reserved 1124352K
  class space    used 8294K, capacity 9092K, committed 9420K, reserved 1048576K
}
Event: 6661.285 GC heap before
{Heap before GC invocations=152 (full 0):
 garbage-first heap   total 524288K, used 427492K [0x00000000e0000000, 0x0000000100000000)
  region size 1024K, 267 young (273408K), 2 survivors (2048K)
 Metaspace       used 81074K, capacity 83031K, committed 84168K, reserved 1124352K
  class space    used 8294K, capacity 9092K, committed 9420K, reserved 1048576K
}
Event: 6661.304 GC heap after
{Heap after GC invocations=153 (full 0):
 garbage-first heap   total 524288K, used 159961K [0x00000000e0000000, 0x0000000100000000)
  region size 1024K, 5 young (5120K), 5 survivors (5120K)
 Metaspace       used 81074K, capacity 83031K, committed 84168K, reserved 1124352K
  class space    used 8294K, capacity 9092K, committed 9420K, reserved 1048576K
}
Event: 6662.860 GC heap before
{Heap before GC invocations=154 (full 0):
 garbage-first heap   total 524288K, used 432345K [0x00000000e0000000, 0x0000000100000000)
  region size 1024K, 271 young (277504K), 5 survivors (5120K)
 Metaspace       used 81074K, capacity 83031K, committed 84168K, reserved 1124352K
  class space    used 8294K, capacity 9092K, committed 9420K, reserved 1048576K
}
Event: 6662.878 GC heap after
{Heap after GC invocations=155 (full 0):
 garbage-first heap   total 524288K, used 161897K [0x00000000e0000000, 0x0000000100000000)
  region size 1024K, 7 young (7168K), 7 survivors (7168K)
 Metaspace       used 81074K, capacity 83031K, committed 84168K, reserved 1124352K
  class space    used 8294K, capacity 9092K, committed 9420K, reserved 1048576K
}
Event: 6662.993 GC heap before
{Heap before GC invocations=155 (full 0):
 garbage-first heap   total 524288K, used 180329K [0x00000000e0000000, 0x0000000100000000)
  region size 1024K, 25 young (25600K), 7 survivors (7168K)
 Metaspace       used 81074K, capacity 83031K, committed 84168K, reserved 1124352K
  class space    used 8294K, capacity 9092K, committed 9420K, reserved 1048576K
}
Event: 6663.009 GC heap after
{Heap after GC invocations=156 (full 0):
 garbage-first heap   total 524288K, used 160574K [0x00000000e0000000, 0x0000000100000000)
  region size 1024K, 1 young (1024K), 1 survivors (1024K)
 Metaspace       used 81074K, capacity 83031K, committed 84168K, reserved 1124352K
  class space    used 8294K, capacity 9092K, committed 9420K, reserved 1048576K
}

